<?xml version="1.0" encoding="UTF-8"?>
<testsuite name="DictionaryTest" tests="3" skipped="0" failures="0" errors="0" timestamp="2021-10-28T11:41:30" hostname="DESKTOP-HD09NTQ" time="0.07">
  <properties/>
  <testcase name="testOneTranslation()" classname="DictionaryTest" time="0.046"/>
  <testcase name="testDictionaryName()" classname="DictionaryTest" time="0.005"/>
  <testcase name="testDictionaryIsEmpty()" classname="DictionaryTest" time="0.015"/>
  <system-out><![CDATA[]]></system-out>
  <system-err><![CDATA[]]></system-err>
</testsuite>
