<?xml version="1.0" encoding="UTF-8"?>
<testsuite name="DictionaryTest" tests="3" skipped="0" failures="0" errors="0" timestamp="2021-10-28T11:43:49" hostname="DESKTOP-HD09NTQ" time="0.063">
  <properties/>
  <testcase name="testOneTranslation()" classname="DictionaryTest" time="0.042"/>
  <testcase name="testDictionaryName()" classname="DictionaryTest" time="0.001"/>
  <testcase name="testDictionaryIsEmpty()" classname="DictionaryTest" time="0.013"/>
  <system-out><![CDATA[]]></system-out>
  <system-err><![CDATA[]]></system-err>
</testsuite>
