<?xml version="1.0" encoding="UTF-8"?>
<testsuite name="DictionaryTest" tests="2" skipped="0" failures="0" errors="0" timestamp="2021-10-28T10:12:53" hostname="DESKTOP-HD09NTQ" time="0.051">
  <properties/>
  <testcase name="testDictionaryName()" classname="DictionaryTest" time="0.039"/>
  <testcase name="testDictionaryIsEmpty()" classname="DictionaryTest" time="0.01"/>
  <system-out><![CDATA[]]></system-out>
  <system-err><![CDATA[]]></system-err>
</testsuite>
