<?xml version="1.0" encoding="UTF-8"?>
<testsuite name="DictionaryTest" tests="3" skipped="0" failures="0" errors="0" timestamp="2021-10-28T10:33:10" hostname="DESKTOP-HD09NTQ" time="0.072">
  <properties/>
  <testcase name="testOneTranslation()" classname="DictionaryTest" time="0.053"/>
  <testcase name="testDictionaryName()" classname="DictionaryTest" time="0.002"/>
  <testcase name="testDictionaryIsEmpty()" classname="DictionaryTest" time="0.016"/>
  <system-out><![CDATA[]]></system-out>
  <system-err><![CDATA[]]></system-err>
</testsuite>
